=== ANÁLISIS LÉXICO ===
TOKEN			LEXEMA		LINEA		COLUMNA
----------------------------------------
LET                      	let            	2	1
STRING                   	string         	2	5
IDENTIFIER               	s1             	2	12
DELIMITER                	$              	2	14
LET                      	let            	3	1
BOOL                     	bool           	3	5
IDENTIFIER               	b1             	3	10
DELIMITER                	$              	3	12
VOID                     	void           	5	1
PRINCIPAL                	principal      	5	6
LEFT_PAREN               	є              	5	16
RIGHT_PAREN              	э              	5	20
LEFT_BLOCK               	¿              	5	23
LET                      	let            	7	2
CHAR                     	char           	7	6
IDENTIFIER               	miChar         	7	11
ASSIGN                   	=              	7	17
CHAR_LITERAL             	'!'            	7	18
DELIMITER                	$              	7	21
LET                      	let            	8	2
CHAR                     	char           	8	6
IDENTIFIER               	miChar2        	8	11
ASSIGN                   	=              	8	18
CHAR_LITERAL             	'a'            	8	19
DELIMITER                	$              	8	22
LET                      	let            	9	2
STRING                   	string         	9	6
IDENTIFIER               	str1           	9	13
ASSIGN                   	=              	9	17
STRING_LITERAL           	"Mi string 1"  	9	18
DELIMITER                	$              	9	31
LET                      	let            	10	2
FLOAT                    	float          	10	6
IDENTIFIER               	fl1            	10	12
DELIMITER                	$              	10	15
LET                      	let            	11	2
FLOAT                    	float          	11	6
IDENTIFIER               	fl1            	11	12
ASSIGN                   	=              	11	15
FLOAT_LITERAL            	56.6           	11	16
DELIMITER                	$              	11	20
LET                      	let            	12	2
INT                      	int            	12	6
IDENTIFIER               	in1            	12	10
ASSIGN                   	=              	12	13
IDENTIFIER               	fl1            	12	14
DECREMENT                	--             	12	17
MINUS_OPERATOR           	-              	12	19
INT_LITERAL              	-14            	12	21
MOD_OPERATOR             	%              	12	24
IDENTIFIER               	in1            	12	25
INCREMENT                	++             	12	29
PLUS_OPERATOR            	+              	12	31
INT_LITERAL              	7              	12	33
DIV_OPERATOR             	/              	12	35
INT_LITERAL              	15             	12	37
DELIMITER                	$              	12	39
LET                      	let            	13	2
FLOAT                    	float          	13	6
IDENTIFIER               	fl2            	13	12
ASSIGN                   	=              	13	15
FLOAT_LITERAL            	3.7            	13	16
POWER_OPERATOR           	^              	13	20
IDENTIFIER               	fl1            	13	22
PLUS_OPERATOR            	+              	13	25
LEFT_PAREN               	є              	13	27
FLOAT_LITERAL            	45.6           	13	29
MOD_OPERATOR             	%              	13	34
INT_LITERAL              	76             	13	36
RIGHT_PAREN              	э              	13	39
DELIMITER                	$              	13	41
IDENTIFIER               	arr            	16	2
ASSIGN                   	=              	16	6
INT_LITERAL              	10             	16	8
MINUS_OPERATOR           	-              	16	11
IDENTIFIER               	arr            	16	13
LEFT_BLOCK               	¿              	16	17
INT_LITERAL              	67             	16	18
RIGHT_BLOCK              	?              	16	20
MULT_OPERATOR            	*              	16	22
IDENTIFIER               	func1          	16	24
LEFT_PAREN               	є              	16	31
IDENTIFIER               	hola           	16	33
COMMA                    	,              	16	37
IDENTIFIER               	true           	16	39
COMMA                    	,              	16	43
IDENTIFIER               	holaMundo      	16	45
COMMA                    	,              	16	54
FLOAT_LITERAL            	4.5            	16	56
COMMA                    	,              	16	59
CHAR_LITERAL             	'a'            	16	61
RIGHT_PAREN              	э              	16	65
DELIMITER                	$              	16	67
IDENTIFIER               	fl1            	17	2
ASSIGN                   	=              	17	6
FLOAT_LITERAL            	4.5            	17	8
MOD_OPERATOR             	%              	17	11
IDENTIFIER               	miChar         	17	12
POWER_OPERATOR           	^              	17	18
FLOAT_LITERAL            	-0.005         	17	19
DELIMITER                	$              	17	25
IDENTIFIER               	a              	18	2
ASSIGN                   	=              	18	4
IDENTIFIER               	miFunc         	18	6
LEFT_PAREN               	є              	18	13
INT_LITERAL              	1              	18	16
COMMA                    	,              	18	17
CHAR_LITERAL             	'a'            	18	18
RIGHT_PAREN              	э              	18	22
DELIMITER                	$              	18	24
LET                      	let            	19	2
BOOL                     	bool           	19	6
IDENTIFIER               	bl0            	19	11
ASSIGN                   	=              	19	15
FLOAT_LITERAL            	6.7            	19	17
NOT_EQUAL                	!=             	19	21
FLOAT_LITERAL            	8.9            	19	24
DELIMITER                	$              	19	27
IDENTIFIER               	bl0            	20	2
ASSIGN                   	=              	20	6
IDENTIFIER               	true           	20	8
NOT_EQUAL                	!=             	20	13
IDENTIFIER               	false          	20	16
DELIMITER                	$              	20	21
LET                      	let            	21	2
BOOL                     	bool           	21	6
IDENTIFIER               	bl1            	21	11
ASSIGN                   	=              	21	15
IDENTIFIER               	in1            	21	17
GREATER_EQUAL            	>=             	21	21
IDENTIFIER               	fl1            	21	24
OR                       	~              	21	28
IDENTIFIER               	false          	21	30
AND                      	@              	21	36
NOT                      	Σ              	21	38
LEFT_PAREN               	є              	21	40
IDENTIFIER               	func2          	21	42
LEFT_PAREN               	є              	21	48
INT_LITERAL              	3              	21	50
COMMA                    	,              	21	51
IDENTIFIER               	in1            	21	52
RIGHT_PAREN              	э              	21	56
GREATER                  	>              	21	59
INT_LITERAL              	56             	21	61
RIGHT_PAREN              	э              	21	64
DELIMITER                	$              	21	66
RETURN                   	return         	22	2
IDENTIFIER               	bl1            	22	11
DELIMITER                	$              	22	14
RIGHT_BLOCK              	?              	23	2
FLOAT                    	float          	25	1
IDENTIFIER               	func1          	25	7
LEFT_PAREN               	є              	25	13
CHAR                     	char           	25	15
IDENTIFIER               	x22            	25	20
COMMA                    	,              	25	23
CHAR                     	char           	25	25
IDENTIFIER               	x22            	25	30
RIGHT_PAREN              	э              	25	34
LEFT_BLOCK               	¿              	25	37
LET                      	let            	27	2
INT                      	int            	27	6
IDENTIFIER               	numero         	27	10
DELIMITER                	$              	27	16
LET                      	let            	27	18
CHAR                     	char           	27	22
IDENTIFIER               	letra          	27	27
DELIMITER                	$              	27	32
IDENTIFIER               	numero         	28	2
ASSIGN                   	=              	28	9
INT_LITERAL              	10             	28	11
DELIMITER                	$              	28	13
IDENTIFIER               	letra          	29	2
ASSIGN                   	=              	29	8
CHAR_LITERAL             	'a'            	29	10
DELIMITER                	$              	29	13
OUTPUT                   	output         	30	2
IDENTIFIER               	numero         	30	10
DELIMITER                	$              	30	18
OUTPUT                   	output         	31	2
IDENTIFIER               	letra          	31	10
DELIMITER                	$              	31	17
LET                      	let            	32	2
INT                      	int            	32	6
IDENTIFIER               	numS           	32	10
ASSIGN                   	=              	32	15
IDENTIFIER               	numero         	32	17
MINUS_OPERATOR           	-              	32	24
INT_LITERAL              	1              	32	26
MULT_OPERATOR            	*              	32	28
IDENTIFIER               	numero         	32	30
PLUS_OPERATOR            	+              	32	37
IDENTIFIER               	numero         	32	39
DELIMITER                	$              	32	46
OUTPUT                   	output         	33	2
IDENTIFIER               	numS           	33	10
DELIMITER                	$              	33	16
LET                      	let            	35	2
FLOAT                    	float          	35	6
IDENTIFIER               	z              	35	12
ASSIGN                   	=              	35	14
FLOAT_LITERAL            	-0.01          	35	15
DELIMITER                	$              	35	20
LET                      	let            	36	2
CHAR                     	char           	36	6
IDENTIFIER               	x22            	36	11
ASSIGN                   	=              	36	14
CHAR_LITERAL             	'a'            	36	15
DELIMITER                	$              	36	18
LET                      	let            	37	2
CHAR                     	char           	37	6
IDENTIFIER               	miChar         	37	11
ASSIGN                   	=              	37	17
CHAR_LITERAL             	'a'            	37	18
DELIMITER                	$              	37	21
LET                      	let            	38	2
CHAR                     	char           	38	6
IDENTIFIER               	miChar2        	38	11
ASSIGN                   	=              	38	18
CHAR_LITERAL             	'a'            	38	19
DELIMITER                	$              	38	22
LET                      	let            	39	2
INT                      	int            	39	6
IDENTIFIER               	x30            	39	10
ASSIGN                   	=              	39	13
INT_LITERAL              	-1             	39	14
DELIMITER                	$              	39	16
LET                      	let            	40	2
BOOL                     	bool           	40	6
IDENTIFIER               	x40            	40	11
ASSIGN                   	=              	40	14
IDENTIFIER               	false          	40	15
DELIMITER                	$              	40	20
LET                      	let            	41	2
CHAR                     	char           	41	6
IDENTIFIER               	x50            	41	11
LEFT_BLOCK               	¿              	41	14
INT_LITERAL              	1000           	41	15
RIGHT_BLOCK              	?              	41	19
ASSIGN                   	=              	41	21
LEFT_BLOCK               	¿              	41	23
INT_LITERAL              	4              	41	24
COMMA                    	,              	41	25
INT_LITERAL              	5              	41	26
RIGHT_BLOCK              	?              	41	27
DELIMITER                	$              	41	28
LET                      	let            	42	2
STRING                   	string         	42	6
IDENTIFIER               	x50            	42	13
ASSIGN                   	=              	42	16
STRING_LITERAL           	"Hola a todos los que est[a] haciendo un compilador nuevo¿n"	42	17
DELIMITER                	$              	42	77
DECIDE_OF                	decide of      	43	2
LEFT_PAREN               	є              	44	2
IDENTIFIER               	x22            	44	4
LESS_EQUAL               	<=             	44	7
INT_LITERAL              	45             	44	9
AND                      	@              	44	12
IDENTIFIER               	var            	44	14
GREATER                  	>              	44	17
FLOAT_LITERAL            	5.6            	44	18
RIGHT_PAREN              	э              	44	22
LEFT_BLOCK               	¿              	44	26
LET                      	let            	45	3
INT                      	int            	45	7
IDENTIFIER               	y              	45	11
DELIMITER                	$              	45	12
IDENTIFIER               	x22            	46	3
ASSIGN                   	=              	46	6
INT_LITERAL              	10             	46	7
DELIMITER                	$              	46	9
LET                      	let            	47	3
CHAR                     	char           	47	7
IDENTIFIER               	ch33           	47	12
ASSIGN                   	=              	47	16
CHAR_LITERAL             	'a'            	47	17
DELIMITER                	$              	47	20
RIGHT_BLOCK              	?              	48	3
ELIF                     	elif           	49	2
LEFT_PAREN               	є              	49	7
IDENTIFIER               	x24            	49	9
GREATER_EQUAL            	>=             	49	12
IDENTIFIER               	var            	49	14
GREATER                  	>              	49	17
FLOAT_LITERAL            	5.6            	49	18
RIGHT_PAREN              	э              	49	22
LEFT_BLOCK               	¿              	49	26
LET                      	let            	50	3
INT                      	int            	50	7
IDENTIFIER               	y              	50	11
DELIMITER                	$              	50	12
IDENTIFIER               	x22            	51	3
ASSIGN                   	=              	51	6
INT_LITERAL              	10             	51	7
DELIMITER                	$              	51	9
LET                      	let            	52	3
CHAR                     	char           	52	7
IDENTIFIER               	ch33           	52	12
ASSIGN                   	=              	52	16
CHAR_LITERAL             	'a'            	52	17
DELIMITER                	$              	52	20
RIGHT_BLOCK              	?              	53	2
ELSE                     	else           	54	2
LEFT_BLOCK               	¿              	54	8
LET                      	let            	55	3
INT                      	int            	55	7
IDENTIFIER               	y              	55	11
DELIMITER                	$              	55	12
LET                      	let            	56	3
STRING                   	string         	56	7
IDENTIFIER               	str2           	56	14
ASSIGN                   	=              	56	18
STRING_LITERAL           	"sdff"         	56	19
DELIMITER                	$              	56	25
RIGHT_BLOCK              	?              	57	2
FOR                      	for            	59	2
LEFT_PAREN               	є              	59	6
LET                      	let            	59	8
INT                      	int            	59	12
IDENTIFIER               	i              	59	16
ASSIGN                   	=              	59	17
INT_LITERAL              	0              	59	18
DELIMITER                	$              	59	19
STEP                     	step           	59	21
INT_LITERAL              	1              	59	26
TO                       	to             	59	28
INT_LITERAL              	10             	59	31
RIGHT_PAREN              	э              	59	34
DO                       	do             	59	36
LEFT_BLOCK               	¿              	59	40
OUTPUT                   	output         	59	42
IDENTIFIER               	i              	59	50
DELIMITER                	$              	59	53
RIGHT_BLOCK              	?              	59	55
OUTPUT                   	output         	60	2
STRING_LITERAL           	"Hola mundo"   	60	10
DELIMITER                	$              	60	24
INPUT                    	input          	61	2
IDENTIFIER               	x22            	61	9
DELIMITER                	$              	61	14
RETURN                   	return         	62	2
FLOAT_LITERAL            	-5.6           	62	9
DELIMITER                	$              	62	13
RIGHT_BLOCK              	?              	63	2
BOOL                     	bool           	65	2
IDENTIFIER               	func2          	65	7
LEFT_PAREN               	є              	65	14
BOOL                     	bool           	65	16
IDENTIFIER               	b1             	65	21
COMMA                    	,              	65	23
INT                      	int            	65	25
IDENTIFIER               	i1             	65	29
RIGHT_PAREN              	э              	65	32
LEFT_BLOCK               	¿              	65	36
LET                      	let            	66	2
INT                      	int            	66	6
IDENTIFIER               	a              	66	10
DELIMITER                	$              	66	12
RETURN                   	return         	67	2
DELIMITER                	$              	67	8
RIGHT_BLOCK              	?              	68	3
STRING                   	string         	70	1
IDENTIFIER               	func3          	70	8
LEFT_PAREN               	є              	70	15
RIGHT_PAREN              	э              	70	18
LEFT_BLOCK               	¿              	70	22
LET                      	let            	71	2
STRING                   	string         	71	6
IDENTIFIER               	b1             	71	13
DELIMITER                	$              	71	15
RETURN                   	return         	72	2
IDENTIFIER               	b1             	72	9
DELIMITER                	$              	72	11
RIGHT_BLOCK              	?              	73	3
----------------------------------------------------------
=== FIN DEL ANÁLISIS ===
✓ Sin errores léxicos
